Copyright 1986-2022 Xilinx, Inc. All Rights Reserved.
------------------------------------------------------------------------------------------------------------------------------------------------------------------------------------------------------------------
| Tool Version : Vivado v.2022.2 (win64) Build 3671981 Fri Oct 14 05:00:03 MDT 2022
| Date         : Fri Apr 17 20:08:45 2026
| Host         : Shanmukha running 64-bit major release  (build 9200)
| Command      : report_timing_summary -max_paths 10 -report_unconstrained -file cpu_top_timing_summary_routed.rpt -pb cpu_top_timing_summary_routed.pb -rpx cpu_top_timing_summary_routed.rpx -warn_on_violation
| Design       : cpu_top
| Device       : 7k70t-fbv676
| Speed File   : -1  PRODUCTION 1.12 2017-02-17
------------------------------------------------------------------------------------------------------------------------------------------------------------------------------------------------------------------

Timing Summary Report

------------------------------------------------------------------------------------------------
| Timer Settings
| --------------
------------------------------------------------------------------------------------------------

  Enable Multi Corner Analysis               :  Yes
  Enable Pessimism Removal                   :  Yes
  Pessimism Removal Resolution               :  Nearest Common Node
  Enable Input Delay Default Clock           :  No
  Enable Preset / Clear Arcs                 :  No
  Disable Flight Delays                      :  No
  Ignore I/O Paths                           :  No
  Timing Early Launch at Borrowing Latches   :  No
  Borrow Time for Max Delay Exceptions       :  Yes
  Merge Timing Exceptions                    :  Yes

  Corner  Analyze    Analyze    
  Name    Max Paths  Min Paths  
  ------  ---------  ---------  
  Slow    Yes        Yes        
  Fast    Yes        Yes        


------------------------------------------------------------------------------------------------
| Report Methodology
| ------------------
------------------------------------------------------------------------------------------------

Rule       Severity          Description                  Violations  
---------  ----------------  ---------------------------  ----------  
TIMING-17  Critical Warning  Non-clocked sequential cell  440         

Note: This report is based on the most recent report_methodology run and may not be up-to-date. Run report_methodology on the current design for the latest report.



check_timing report

Table of Contents
-----------------
1. checking no_clock (440)
2. checking constant_clock (0)
3. checking pulse_width_clock (0)
4. checking unconstrained_internal_endpoints (1104)
5. checking no_input_delay (1)
6. checking no_output_delay (76)
7. checking multiple_clock (0)
8. checking generated_clocks (0)
9. checking loops (0)
10. checking partial_input_delay (0)
11. checking partial_output_delay (0)
12. checking latch_loops (0)

1. checking no_clock (440)
--------------------------
 There are 440 register/latch pins with no clock driven by root clock pin: clk (HIGH)


2. checking constant_clock (0)
------------------------------
 There are 0 register/latch pins with constant_clock.


3. checking pulse_width_clock (0)
---------------------------------
 There are 0 register/latch pins which need pulse_width check


4. checking unconstrained_internal_endpoints (1104)
---------------------------------------------------
 There are 1104 pins that are not constrained for maximum delay. (HIGH)

 There are 0 pins that are not constrained for maximum delay due to constant clock.


5. checking no_input_delay (1)
------------------------------
 There is 1 input port with no input delay specified. (HIGH)

 There are 0 input ports with no input delay but user has a false path constraint.


6. checking no_output_delay (76)
--------------------------------
 There are 76 ports with no output delay specified. (HIGH)

 There are 0 ports with no output delay but user has a false path constraint

 There are 0 ports with no output delay but with a timing clock defined on it or propagating through it


7. checking multiple_clock (0)
------------------------------
 There are 0 register/latch pins with multiple clocks.


8. checking generated_clocks (0)
--------------------------------
 There are 0 generated clocks that are not connected to a clock source.


9. checking loops (0)
---------------------
 There are 0 combinational loops in the design.


10. checking partial_input_delay (0)
------------------------------------
 There are 0 input ports with partial input delay specified.


11. checking partial_output_delay (0)
-------------------------------------
 There are 0 ports with partial output delay specified.


12. checking latch_loops (0)
----------------------------
 There are 0 combinational latch loops in the design through latch input



------------------------------------------------------------------------------------------------
| Design Timing Summary
| ---------------------
------------------------------------------------------------------------------------------------

    WNS(ns)      TNS(ns)  TNS Failing Endpoints  TNS Total Endpoints      WHS(ns)      THS(ns)  THS Failing Endpoints  THS Total Endpoints     WPWS(ns)     TPWS(ns)  TPWS Failing Endpoints  TPWS Total Endpoints  
    -------      -------  ---------------------  -------------------      -------      -------  ---------------------  -------------------     --------     --------  ----------------------  --------------------  
        inf        0.000                      0                 1180          inf        0.000                      0                 1180           NA           NA                      NA                    NA  


There are no user specified timing constraints.


------------------------------------------------------------------------------------------------
| Clock Summary
| -------------
------------------------------------------------------------------------------------------------


------------------------------------------------------------------------------------------------
| Intra Clock Table
| -----------------
------------------------------------------------------------------------------------------------

Clock             WNS(ns)      TNS(ns)  TNS Failing Endpoints  TNS Total Endpoints      WHS(ns)      THS(ns)  THS Failing Endpoints  THS Total Endpoints     WPWS(ns)     TPWS(ns)  TPWS Failing Endpoints  TPWS Total Endpoints  
-----             -------      -------  ---------------------  -------------------      -------      -------  ---------------------  -------------------     --------     --------  ----------------------  --------------------  


------------------------------------------------------------------------------------------------
| Inter Clock Table
| -----------------
------------------------------------------------------------------------------------------------

From Clock    To Clock          WNS(ns)      TNS(ns)  TNS Failing Endpoints  TNS Total Endpoints      WHS(ns)      THS(ns)  THS Failing Endpoints  THS Total Endpoints  
----------    --------          -------      -------  ---------------------  -------------------      -------      -------  ---------------------  -------------------  


------------------------------------------------------------------------------------------------
| Other Path Groups Table
| -----------------------
------------------------------------------------------------------------------------------------

Path Group    From Clock    To Clock          WNS(ns)      TNS(ns)  TNS Failing Endpoints  TNS Total Endpoints      WHS(ns)      THS(ns)  THS Failing Endpoints  THS Total Endpoints  
----------    ----------    --------          -------      -------  ---------------------  -------------------      -------      -------  ---------------------  -------------------  


------------------------------------------------------------------------------------------------
| User Ignored Path Table
| -----------------------
------------------------------------------------------------------------------------------------

Path Group    From Clock    To Clock    
----------    ----------    --------    


------------------------------------------------------------------------------------------------
| Unconstrained Path Table
| ------------------------
------------------------------------------------------------------------------------------------

Path Group    From Clock    To Clock    
----------    ----------    --------    
(none)                                    


------------------------------------------------------------------------------------------------
| Timing Details
| --------------
------------------------------------------------------------------------------------------------


--------------------------------------------------------------------------------------
Path Group:  (none)
From Clock:  
  To Clock:  

Max Delay          1180 Endpoints
Min Delay          1180 Endpoints
--------------------------------------------------------------------------------------


Max Delay Paths
--------------------------------------------------------------------------------------
Slack:                    inf
  Source:                 reset
                            (input port)
  Destination:            rf_inst/registers_reg[3][0]/CLR
  Path Group:             (none)
  Path Type:              Max at Slow Process Corner
  Data Path Delay:        6.950ns  (logic 0.868ns (12.495%)  route 6.081ns (87.505%))
  Logic Levels:           1  (IBUF=1)

    Location             Delay type                Incr(ns)  Path(ns)    Netlist Resource(s)
  -------------------------------------------------------------------    -------------------
    L24                                               0.000     0.000 f  reset (IN)
                         net (fo=0)                   0.000     0.000    reset
    L24                  IBUF (Prop_ibuf_I_O)         0.868     0.868 f  reset_IBUF_inst/O
                         net (fo=440, routed)         6.081     6.950    rf_inst/AR[0]
    SLICE_X6Y99          FDCE                                         f  rf_inst/registers_reg[3][0]/CLR
  -------------------------------------------------------------------    -------------------

Slack:                    inf
  Source:                 reset
                            (input port)
  Destination:            rf_inst/registers_reg[3][6]/CLR
  Path Group:             (none)
  Path Type:              Max at Slow Process Corner
  Data Path Delay:        6.950ns  (logic 0.868ns (12.495%)  route 6.081ns (87.505%))
  Logic Levels:           1  (IBUF=1)

    Location             Delay type                Incr(ns)  Path(ns)    Netlist Resource(s)
  -------------------------------------------------------------------    -------------------
    L24                                               0.000     0.000 f  reset (IN)
                         net (fo=0)                   0.000     0.000    reset
    L24                  IBUF (Prop_ibuf_I_O)         0.868     0.868 f  reset_IBUF_inst/O
                         net (fo=440, routed)         6.081     6.950    rf_inst/AR[0]
    SLICE_X6Y99          FDCE                                         f  rf_inst/registers_reg[3][6]/CLR
  -------------------------------------------------------------------    -------------------

Slack:                    inf
  Source:                 reset
                            (input port)
  Destination:            rf_inst/registers_reg[5][0]/CLR
  Path Group:             (none)
  Path Type:              Max at Slow Process Corner
  Data Path Delay:        6.950ns  (logic 0.868ns (12.495%)  route 6.081ns (87.505%))
  Logic Levels:           1  (IBUF=1)

    Location             Delay type                Incr(ns)  Path(ns)    Netlist Resource(s)
  -------------------------------------------------------------------    -------------------
    L24                                               0.000     0.000 f  reset (IN)
                         net (fo=0)                   0.000     0.000    reset
    L24                  IBUF (Prop_ibuf_I_O)         0.868     0.868 f  reset_IBUF_inst/O
                         net (fo=440, routed)         6.081     6.950    rf_inst/AR[0]
    SLICE_X7Y99          FDCE                                         f  rf_inst/registers_reg[5][0]/CLR
  -------------------------------------------------------------------    -------------------

Slack:                    inf
  Source:                 reset
                            (input port)
  Destination:            rf_inst/registers_reg[5][1]/CLR
  Path Group:             (none)
  Path Type:              Max at Slow Process Corner
  Data Path Delay:        6.950ns  (logic 0.868ns (12.495%)  route 6.081ns (87.505%))
  Logic Levels:           1  (IBUF=1)

    Location             Delay type                Incr(ns)  Path(ns)    Netlist Resource(s)
  -------------------------------------------------------------------    -------------------
    L24                                               0.000     0.000 f  reset (IN)
                         net (fo=0)                   0.000     0.000    reset
    L24                  IBUF (Prop_ibuf_I_O)         0.868     0.868 f  reset_IBUF_inst/O
                         net (fo=440, routed)         6.081     6.950    rf_inst/AR[0]
    SLICE_X7Y99          FDCE                                         f  rf_inst/registers_reg[5][1]/CLR
  -------------------------------------------------------------------    -------------------

Slack:                    inf
  Source:                 reset
                            (input port)
  Destination:            rf_inst/registers_reg[5][6]/CLR
  Path Group:             (none)
  Path Type:              Max at Slow Process Corner
  Data Path Delay:        6.950ns  (logic 0.868ns (12.495%)  route 6.081ns (87.505%))
  Logic Levels:           1  (IBUF=1)

    Location             Delay type                Incr(ns)  Path(ns)    Netlist Resource(s)
  -------------------------------------------------------------------    -------------------
    L24                                               0.000     0.000 f  reset (IN)
                         net (fo=0)                   0.000     0.000    reset
    L24                  IBUF (Prop_ibuf_I_O)         0.868     0.868 f  reset_IBUF_inst/O
                         net (fo=440, routed)         6.081     6.950    rf_inst/AR[0]
    SLICE_X7Y99          FDCE                                         f  rf_inst/registers_reg[5][6]/CLR
  -------------------------------------------------------------------    -------------------

Slack:                    inf
  Source:                 reset
                            (input port)
  Destination:            rf_inst/registers_reg[5][18]/CLR
  Path Group:             (none)
  Path Type:              Max at Slow Process Corner
  Data Path Delay:        6.908ns  (logic 0.868ns (12.571%)  route 6.040ns (87.429%))
  Logic Levels:           1  (IBUF=1)

    Location             Delay type                Incr(ns)  Path(ns)    Netlist Resource(s)
  -------------------------------------------------------------------    -------------------
    L24                                               0.000     0.000 f  reset (IN)
                         net (fo=0)                   0.000     0.000    reset
    L24                  IBUF (Prop_ibuf_I_O)         0.868     0.868 f  reset_IBUF_inst/O
                         net (fo=440, routed)         6.040     6.908    rf_inst/AR[0]
    SLICE_X11Y109        FDCE                                         f  rf_inst/registers_reg[5][18]/CLR
  -------------------------------------------------------------------    -------------------

Slack:                    inf
  Source:                 reset
                            (input port)
  Destination:            rf_inst/registers_reg[5][20]/CLR
  Path Group:             (none)
  Path Type:              Max at Slow Process Corner
  Data Path Delay:        6.908ns  (logic 0.868ns (12.571%)  route 6.040ns (87.429%))
  Logic Levels:           1  (IBUF=1)

    Location             Delay type                Incr(ns)  Path(ns)    Netlist Resource(s)
  -------------------------------------------------------------------    -------------------
    L24                                               0.000     0.000 f  reset (IN)
                         net (fo=0)                   0.000     0.000    reset
    L24                  IBUF (Prop_ibuf_I_O)         0.868     0.868 f  reset_IBUF_inst/O
                         net (fo=440, routed)         6.040     6.908    rf_inst/AR[0]
    SLICE_X11Y109        FDCE                                         f  rf_inst/registers_reg[5][20]/CLR
  -------------------------------------------------------------------    -------------------

Slack:                    inf
  Source:                 reset
                            (input port)
  Destination:            rf_inst/registers_reg[5][21]/CLR
  Path Group:             (none)
  Path Type:              Max at Slow Process Corner
  Data Path Delay:        6.908ns  (logic 0.868ns (12.571%)  route 6.040ns (87.429%))
  Logic Levels:           1  (IBUF=1)

    Location             Delay type                Incr(ns)  Path(ns)    Netlist Resource(s)
  -------------------------------------------------------------------    -------------------
    L24                                               0.000     0.000 f  reset (IN)
                         net (fo=0)                   0.000     0.000    reset
    L24                  IBUF (Prop_ibuf_I_O)         0.868     0.868 f  reset_IBUF_inst/O
                         net (fo=440, routed)         6.040     6.908    rf_inst/AR[0]
    SLICE_X10Y109        FDCE                                         f  rf_inst/registers_reg[5][21]/CLR
  -------------------------------------------------------------------    -------------------

Slack:                    inf
  Source:                 reset
                            (input port)
  Destination:            rf_inst/registers_reg[5][24]/CLR
  Path Group:             (none)
  Path Type:              Max at Slow Process Corner
  Data Path Delay:        6.908ns  (logic 0.868ns (12.571%)  route 6.040ns (87.429%))
  Logic Levels:           1  (IBUF=1)

    Location             Delay type                Incr(ns)  Path(ns)    Netlist Resource(s)
  -------------------------------------------------------------------    -------------------
    L24                                               0.000     0.000 f  reset (IN)
                         net (fo=0)                   0.000     0.000    reset
    L24                  IBUF (Prop_ibuf_I_O)         0.868     0.868 f  reset_IBUF_inst/O
                         net (fo=440, routed)         6.040     6.908    rf_inst/AR[0]
    SLICE_X10Y109        FDCE                                         f  rf_inst/registers_reg[5][24]/CLR
  -------------------------------------------------------------------    -------------------

Slack:                    inf
  Source:                 reset
                            (input port)
  Destination:            rf_inst/registers_reg[5][25]/CLR
  Path Group:             (none)
  Path Type:              Max at Slow Process Corner
  Data Path Delay:        6.908ns  (logic 0.868ns (12.571%)  route 6.040ns (87.429%))
  Logic Levels:           1  (IBUF=1)

    Location             Delay type                Incr(ns)  Path(ns)    Netlist Resource(s)
  -------------------------------------------------------------------    -------------------
    L24                                               0.000     0.000 f  reset (IN)
                         net (fo=0)                   0.000     0.000    reset
    L24                  IBUF (Prop_ibuf_I_O)         0.868     0.868 f  reset_IBUF_inst/O
                         net (fo=440, routed)         6.040     6.908    rf_inst/AR[0]
    SLICE_X10Y109        FDCE                                         f  rf_inst/registers_reg[5][25]/CLR
  -------------------------------------------------------------------    -------------------





Min Delay Paths
--------------------------------------------------------------------------------------
Slack:                    inf
  Source:                 ex_mem_inst/alu_result_out_reg[19]/C
                            (rising edge-triggered cell FDCE)
  Destination:            mem_wb_inst/alu_result_out_reg[19]/D
  Path Group:             (none)
  Path Type:              Min at Fast Process Corner
  Data Path Delay:        0.167ns  (logic 0.100ns (59.724%)  route 0.067ns (40.276%))
  Logic Levels:           1  (FDCE=1)

    Location             Delay type                Incr(ns)  Path(ns)    Netlist Resource(s)
  -------------------------------------------------------------------    -------------------
    SLICE_X1Y105         FDCE                         0.000     0.000 r  ex_mem_inst/alu_result_out_reg[19]/C
    SLICE_X1Y105         FDCE (Prop_fdce_C_Q)         0.100     0.100 r  ex_mem_inst/alu_result_out_reg[19]/Q
                         net (fo=2, routed)           0.067     0.167    mem_wb_inst/D[19]
    SLICE_X1Y105         FDCE                                         r  mem_wb_inst/alu_result_out_reg[19]/D
  -------------------------------------------------------------------    -------------------

Slack:                    inf
  Source:                 ex_mem_inst/alu_result_out_reg[15]/C
                            (rising edge-triggered cell FDCE)
  Destination:            mem_wb_inst/alu_result_out_reg[15]/D
  Path Group:             (none)
  Path Type:              Min at Fast Process Corner
  Data Path Delay:        0.168ns  (logic 0.100ns (59.678%)  route 0.068ns (40.322%))
  Logic Levels:           1  (FDCE=1)

    Location             Delay type                Incr(ns)  Path(ns)    Netlist Resource(s)
  -------------------------------------------------------------------    -------------------
    SLICE_X4Y104         FDCE                         0.000     0.000 r  ex_mem_inst/alu_result_out_reg[15]/C
    SLICE_X4Y104         FDCE (Prop_fdce_C_Q)         0.100     0.100 r  ex_mem_inst/alu_result_out_reg[15]/Q
                         net (fo=2, routed)           0.068     0.168    mem_wb_inst/D[15]
    SLICE_X4Y104         FDCE                                         r  mem_wb_inst/alu_result_out_reg[15]/D
  -------------------------------------------------------------------    -------------------

Slack:                    inf
  Source:                 ex_mem_inst/alu_result_out_reg[0]/C
                            (rising edge-triggered cell FDCE)
  Destination:            mem_wb_inst/alu_result_out_reg[0]/D
  Path Group:             (none)
  Path Type:              Min at Fast Process Corner
  Data Path Delay:        0.172ns  (logic 0.100ns (58.156%)  route 0.072ns (41.844%))
  Logic Levels:           1  (FDCE=1)

    Location             Delay type                Incr(ns)  Path(ns)    Netlist Resource(s)
  -------------------------------------------------------------------    -------------------
    SLICE_X4Y100         FDCE                         0.000     0.000 r  ex_mem_inst/alu_result_out_reg[0]/C
    SLICE_X4Y100         FDCE (Prop_fdce_C_Q)         0.100     0.100 r  ex_mem_inst/alu_result_out_reg[0]/Q
                         net (fo=2, routed)           0.072     0.172    mem_wb_inst/D[0]
    SLICE_X4Y100         FDCE                                         r  mem_wb_inst/alu_result_out_reg[0]/D
  -------------------------------------------------------------------    -------------------

Slack:                    inf
  Source:                 ex_mem_inst/alu_result_out_reg[14]/C
                            (rising edge-triggered cell FDCE)
  Destination:            mem_wb_inst/alu_result_out_reg[14]/D
  Path Group:             (none)
  Path Type:              Min at Fast Process Corner
  Data Path Delay:        0.172ns  (logic 0.100ns (58.156%)  route 0.072ns (41.844%))
  Logic Levels:           1  (FDCE=1)

    Location             Delay type                Incr(ns)  Path(ns)    Netlist Resource(s)
  -------------------------------------------------------------------    -------------------
    SLICE_X4Y104         FDCE                         0.000     0.000 r  ex_mem_inst/alu_result_out_reg[14]/C
    SLICE_X4Y104         FDCE (Prop_fdce_C_Q)         0.100     0.100 r  ex_mem_inst/alu_result_out_reg[14]/Q
                         net (fo=2, routed)           0.072     0.172    mem_wb_inst/D[14]
    SLICE_X4Y104         FDCE                                         r  mem_wb_inst/alu_result_out_reg[14]/D
  -------------------------------------------------------------------    -------------------

Slack:                    inf
  Source:                 ex_mem_inst/alu_result_out_reg[29]/C
                            (rising edge-triggered cell FDCE)
  Destination:            mem_wb_inst/alu_result_out_reg[29]_lopt_replica/D
  Path Group:             (none)
  Path Type:              Min at Fast Process Corner
  Data Path Delay:        0.184ns  (logic 0.118ns (64.016%)  route 0.066ns (35.984%))
  Logic Levels:           1  (FDCE=1)

    Location             Delay type                Incr(ns)  Path(ns)    Netlist Resource(s)
  -------------------------------------------------------------------    -------------------
    SLICE_X2Y109         FDCE                         0.000     0.000 r  ex_mem_inst/alu_result_out_reg[29]/C
    SLICE_X2Y109         FDCE (Prop_fdce_C_Q)         0.118     0.118 r  ex_mem_inst/alu_result_out_reg[29]/Q
                         net (fo=2, routed)           0.066     0.184    mem_wb_inst/D[29]
    SLICE_X2Y109         FDCE                                         r  mem_wb_inst/alu_result_out_reg[29]_lopt_replica/D
  -------------------------------------------------------------------    -------------------

Slack:                    inf
  Source:                 mem_wb_inst/alu_result_out_reg[0]/C
                            (rising edge-triggered cell FDCE)
  Destination:            rf_inst/registers_reg[7][0]/D
  Path Group:             (none)
  Path Type:              Min at Fast Process Corner
  Data Path Delay:        0.206ns  (logic 0.091ns (44.149%)  route 0.115ns (55.851%))
  Logic Levels:           1  (FDCE=1)

    Location             Delay type                Incr(ns)  Path(ns)    Netlist Resource(s)
  -------------------------------------------------------------------    -------------------
    SLICE_X4Y100         FDCE                         0.000     0.000 r  mem_wb_inst/alu_result_out_reg[0]/C
    SLICE_X4Y100         FDCE (Prop_fdce_C_Q)         0.091     0.091 r  mem_wb_inst/alu_result_out_reg[0]/Q
                         net (fo=9, routed)           0.115     0.206    rf_inst/D[0]
    SLICE_X6Y100         FDCE                                         r  rf_inst/registers_reg[7][0]/D
  -------------------------------------------------------------------    -------------------

Slack:                    inf
  Source:                 mem_wb_inst/alu_result_out_reg[30]/C
                            (rising edge-triggered cell FDCE)
  Destination:            id_ex_inst/read_data1_out_reg[30]/D
  Path Group:             (none)
  Path Type:              Min at Fast Process Corner
  Data Path Delay:        0.206ns  (logic 0.128ns (62.069%)  route 0.078ns (37.931%))
  Logic Levels:           2  (FDCE=1 LUT5=1)

    Location             Delay type                Incr(ns)  Path(ns)    Netlist Resource(s)
  -------------------------------------------------------------------    -------------------
    SLICE_X0Y109         FDCE                         0.000     0.000 r  mem_wb_inst/alu_result_out_reg[30]/C
    SLICE_X0Y109         FDCE (Prop_fdce_C_Q)         0.100     0.100 r  mem_wb_inst/alu_result_out_reg[30]/Q
                         net (fo=9, routed)           0.078     0.178    mem_wb_inst/Q[30]
    SLICE_X1Y109         LUT5 (Prop_lut5_I2_O)        0.028     0.206 r  mem_wb_inst/read_data1_out[30]_i_1/O
                         net (fo=1, routed)           0.000     0.206    id_ex_inst/read_data1_out_reg[31]_1[30]
    SLICE_X1Y109         FDCE                                         r  id_ex_inst/read_data1_out_reg[30]/D
  -------------------------------------------------------------------    -------------------

Slack:                    inf
  Source:                 ex_mem_inst/alu_result_out_reg[9]/C
                            (rising edge-triggered cell FDCE)
  Destination:            mem_wb_inst/alu_result_out_reg[9]/D
  Path Group:             (none)
  Path Type:              Min at Fast Process Corner
  Data Path Delay:        0.212ns  (logic 0.100ns (47.174%)  route 0.112ns (52.826%))
  Logic Levels:           1  (FDCE=1)

    Location             Delay type                Incr(ns)  Path(ns)    Netlist Resource(s)
  -------------------------------------------------------------------    -------------------
    SLICE_X4Y103         FDCE                         0.000     0.000 r  ex_mem_inst/alu_result_out_reg[9]/C
    SLICE_X4Y103         FDCE (Prop_fdce_C_Q)         0.100     0.100 r  ex_mem_inst/alu_result_out_reg[9]/Q
                         net (fo=2, routed)           0.112     0.212    mem_wb_inst/D[9]
    SLICE_X6Y104         FDCE                                         r  mem_wb_inst/alu_result_out_reg[9]/D
  -------------------------------------------------------------------    -------------------

Slack:                    inf
  Source:                 ex_mem_inst/alu_result_out_reg[7]/C
                            (rising edge-triggered cell FDCE)
  Destination:            mem_wb_inst/alu_result_out_reg[7]/D
  Path Group:             (none)
  Path Type:              Min at Fast Process Corner
  Data Path Delay:        0.213ns  (logic 0.100ns (46.973%)  route 0.113ns (53.027%))
  Logic Levels:           1  (FDCE=1)

    Location             Delay type                Incr(ns)  Path(ns)    Netlist Resource(s)
  -------------------------------------------------------------------    -------------------
    SLICE_X1Y102         FDCE                         0.000     0.000 r  ex_mem_inst/alu_result_out_reg[7]/C
    SLICE_X1Y102         FDCE (Prop_fdce_C_Q)         0.100     0.100 r  ex_mem_inst/alu_result_out_reg[7]/Q
                         net (fo=2, routed)           0.113     0.213    mem_wb_inst/D[7]
    SLICE_X5Y102         FDCE                                         r  mem_wb_inst/alu_result_out_reg[7]/D
  -------------------------------------------------------------------    -------------------

Slack:                    inf
  Source:                 ex_mem_inst/alu_result_out_reg[3]/C
                            (rising edge-triggered cell FDCE)
  Destination:            mem_wb_inst/alu_result_out_reg[3]/D
  Path Group:             (none)
  Path Type:              Min at Fast Process Corner
  Data Path Delay:        0.214ns  (logic 0.100ns (46.679%)  route 0.114ns (53.321%))
  Logic Levels:           1  (FDCE=1)

    Location             Delay type                Incr(ns)  Path(ns)    Netlist Resource(s)
  -------------------------------------------------------------------    -------------------
    SLICE_X4Y101         FDCE                         0.000     0.000 r  ex_mem_inst/alu_result_out_reg[3]/C
    SLICE_X4Y101         FDCE (Prop_fdce_C_Q)         0.100     0.100 r  ex_mem_inst/alu_result_out_reg[3]/Q
                         net (fo=2, routed)           0.114     0.214    mem_wb_inst/D[3]
    SLICE_X5Y101         FDCE                                         r  mem_wb_inst/alu_result_out_reg[3]/D
  -------------------------------------------------------------------    -------------------





