INFO: [VRFC 10-2263] Analyzing Verilog file "C:/vivado_project/RISC_V/RISC_V.srcs/sources_1/new/alu.v" into library xil_defaultlib
INFO: [VRFC 10-311] analyzing module alu
INFO: [VRFC 10-2263] Analyzing Verilog file "C:/vivado_project/RISC_V/RISC_V.srcs/sources_1/new/control_unit.v" into library xil_defaultlib
INFO: [VRFC 10-311] analyzing module control_unit
INFO: [VRFC 10-2263] Analyzing Verilog file "C:/vivado_project/RISC_V/RISC_V.srcs/sources_1/new/cpu_top.v" into library xil_defaultlib
INFO: [VRFC 10-311] analyzing module cpu_top
INFO: [VRFC 10-2263] Analyzing Verilog file "C:/vivado_project/RISC_V/RISC_V.srcs/sources_1/new/data_memory.v" into library xil_defaultlib
INFO: [VRFC 10-311] analyzing module data_memory
INFO: [VRFC 10-2263] Analyzing Verilog file "C:/vivado_project/RISC_V/RISC_V.srcs/sources_1/new/ex_mem.v" into library xil_defaultlib
INFO: [VRFC 10-311] analyzing module ex_mem
INFO: [VRFC 10-2263] Analyzing Verilog file "C:/vivado_project/RISC_V/RISC_V.srcs/sources_1/new/forwarding_unit.v" into library xil_defaultlib
INFO: [VRFC 10-311] analyzing module forwarding_unit
INFO: [VRFC 10-2263] Analyzing Verilog file "C:/vivado_project/RISC_V/RISC_V.srcs/sources_1/new/hazard_unit.v" into library xil_defaultlib
INFO: [VRFC 10-311] analyzing module hazard_unit
INFO: [VRFC 10-2263] Analyzing Verilog file "C:/vivado_project/RISC_V/RISC_V.srcs/sources_1/new/id_ex.v" into library xil_defaultlib
INFO: [VRFC 10-311] analyzing module id_ex
INFO: [VRFC 10-2263] Analyzing Verilog file "C:/vivado_project/RISC_V/RISC_V.srcs/sources_1/new/if_id.v" into library xil_defaultlib
INFO: [VRFC 10-311] analyzing module if_id
INFO: [VRFC 10-2263] Analyzing Verilog file "C:/vivado_project/RISC_V/RISC_V.srcs/sources_1/new/instruction_decode.v" into library xil_defaultlib
INFO: [VRFC 10-311] analyzing module instruction_decode
INFO: [VRFC 10-2263] Analyzing Verilog file "C:/vivado_project/RISC_V/RISC_V.srcs/sources_1/new/instruction_memory.v" into library xil_defaultlib
INFO: [VRFC 10-311] analyzing module instruction_memory
INFO: [VRFC 10-2263] Analyzing Verilog file "C:/vivado_project/RISC_V/RISC_V.srcs/sources_1/new/mem_wb.v" into library xil_defaultlib
INFO: [VRFC 10-311] analyzing module mem_wb
INFO: [VRFC 10-2263] Analyzing Verilog file "C:/vivado_project/RISC_V/RISC_V.srcs/sources_1/new/pc.v" into library xil_defaultlib
INFO: [VRFC 10-311] analyzing module pc
INFO: [VRFC 10-2263] Analyzing Verilog file "C:/vivado_project/RISC_V/RISC_V.srcs/sources_1/new/register_file.v" into library xil_defaultlib
INFO: [VRFC 10-311] analyzing module register_file
INFO: [VRFC 10-2263] Analyzing Verilog file "C:/vivado_project/RISC_V/RISC_V.srcs/sim_1/new/cpu_top_tb.v" into library xil_defaultlib
INFO: [VRFC 10-311] analyzing module cpu_top_tb
