Vivado Simulator v2022.2
Copyright 1986-1999, 2001-2022 Xilinx, Inc. All Rights Reserved.
Running: D:/Xilinx/Vivado/2022.2/bin/unwrapped/win64.o/xelab.exe --incr --debug typical --relax --mt 2 -L xil_defaultlib -L unisims_ver -L unimacro_ver -L secureip --snapshot cpu_top_tb_behav xil_defaultlib.cpu_top_tb xil_defaultlib.glbl -log elaborate.log 
Using 2 slave threads.
Starting static elaboration
Pass Through NonSizing Optimizer
Completed static elaboration
Starting simulation data flow analysis
WARNING: [XSIM 43-4099] "C:/vivado_project/RISC_V/RISC_V.srcs/sources_1/new/cpu_top.v" Line 1. Module cpu_top doesn't have a timescale but at least one module in design has a timescale.
WARNING: [XSIM 43-4099] "C:/vivado_project/RISC_V/RISC_V.srcs/sources_1/new/pc.v" Line 1. Module pc doesn't have a timescale but at least one module in design has a timescale.
WARNING: [XSIM 43-4099] "C:/vivado_project/RISC_V/RISC_V.srcs/sources_1/new/instruction_memory.v" Line 1. Module instruction_memory doesn't have a timescale but at least one module in design has a timescale.
WARNING: [XSIM 43-4099] "C:/vivado_project/RISC_V/RISC_V.srcs/sources_1/new/if_id.v" Line 1. Module if_id doesn't have a timescale but at least one module in design has a timescale.
WARNING: [XSIM 43-4099] "C:/vivado_project/RISC_V/RISC_V.srcs/sources_1/new/instruction_decode.v" Line 1. Module instruction_decode doesn't have a timescale but at least one module in design has a timescale.
WARNING: [XSIM 43-4099] "C:/vivado_project/RISC_V/RISC_V.srcs/sources_1/new/control_unit.v" Line 1. Module control_unit doesn't have a timescale but at least one module in design has a timescale.
WARNING: [XSIM 43-4099] "C:/vivado_project/RISC_V/RISC_V.srcs/sources_1/new/register_file.v" Line 1. Module register_file doesn't have a timescale but at least one module in design has a timescale.
WARNING: [XSIM 43-4099] "C:/vivado_project/RISC_V/RISC_V.srcs/sources_1/new/id_ex.v" Line 1. Module id_ex doesn't have a timescale but at least one module in design has a timescale.
WARNING: [XSIM 43-4099] "C:/vivado_project/RISC_V/RISC_V.srcs/sources_1/new/forwarding_unit.v" Line 1. Module forwarding_unit doesn't have a timescale but at least one module in design has a timescale.
WARNING: [XSIM 43-4099] "C:/vivado_project/RISC_V/RISC_V.srcs/sources_1/new/alu.v" Line 1. Module alu doesn't have a timescale but at least one module in design has a timescale.
WARNING: [XSIM 43-4099] "C:/vivado_project/RISC_V/RISC_V.srcs/sources_1/new/ex_mem.v" Line 1. Module ex_mem doesn't have a timescale but at least one module in design has a timescale.
WARNING: [XSIM 43-4099] "C:/vivado_project/RISC_V/RISC_V.srcs/sources_1/new/data_memory.v" Line 1. Module data_memory doesn't have a timescale but at least one module in design has a timescale.
WARNING: [XSIM 43-4099] "C:/vivado_project/RISC_V/RISC_V.srcs/sources_1/new/mem_wb.v" Line 1. Module mem_wb doesn't have a timescale but at least one module in design has a timescale.
WARNING: [XSIM 43-4099] "C:/vivado_project/RISC_V/RISC_V.srcs/sources_1/new/hazard_unit.v" Line 1. Module hazard_unit doesn't have a timescale but at least one module in design has a timescale.
WARNING: [XSIM 43-4099] "C:/vivado_project/RISC_V/RISC_V.srcs/sources_1/new/cpu_top.v" Line 1. Module cpu_top doesn't have a timescale but at least one module in design has a timescale.
WARNING: [XSIM 43-4099] "C:/vivado_project/RISC_V/RISC_V.srcs/sources_1/new/pc.v" Line 1. Module pc doesn't have a timescale but at least one module in design has a timescale.
WARNING: [XSIM 43-4099] "C:/vivado_project/RISC_V/RISC_V.srcs/sources_1/new/instruction_memory.v" Line 1. Module instruction_memory doesn't have a timescale but at least one module in design has a timescale.
WARNING: [XSIM 43-4099] "C:/vivado_project/RISC_V/RISC_V.srcs/sources_1/new/if_id.v" Line 1. Module if_id doesn't have a timescale but at least one module in design has a timescale.
WARNING: [XSIM 43-4099] "C:/vivado_project/RISC_V/RISC_V.srcs/sources_1/new/instruction_decode.v" Line 1. Module instruction_decode doesn't have a timescale but at least one module in design has a timescale.
WARNING: [XSIM 43-4099] "C:/vivado_project/RISC_V/RISC_V.srcs/sources_1/new/control_unit.v" Line 1. Module control_unit doesn't have a timescale but at least one module in design has a timescale.
WARNING: [XSIM 43-4099] "C:/vivado_project/RISC_V/RISC_V.srcs/sources_1/new/register_file.v" Line 1. Module register_file doesn't have a timescale but at least one module in design has a timescale.
WARNING: [XSIM 43-4099] "C:/vivado_project/RISC_V/RISC_V.srcs/sources_1/new/id_ex.v" Line 1. Module id_ex doesn't have a timescale but at least one module in design has a timescale.
WARNING: [XSIM 43-4099] "C:/vivado_project/RISC_V/RISC_V.srcs/sources_1/new/forwarding_unit.v" Line 1. Module forwarding_unit doesn't have a timescale but at least one module in design has a timescale.
WARNING: [XSIM 43-4099] "C:/vivado_project/RISC_V/RISC_V.srcs/sources_1/new/alu.v" Line 1. Module alu doesn't have a timescale but at least one module in design has a timescale.
WARNING: [XSIM 43-4099] "C:/vivado_project/RISC_V/RISC_V.srcs/sources_1/new/ex_mem.v" Line 1. Module ex_mem doesn't have a timescale but at least one module in design has a timescale.
WARNING: [XSIM 43-4099] "C:/vivado_project/RISC_V/RISC_V.srcs/sources_1/new/data_memory.v" Line 1. Module data_memory doesn't have a timescale but at least one module in design has a timescale.
WARNING: [XSIM 43-4099] "C:/vivado_project/RISC_V/RISC_V.srcs/sources_1/new/mem_wb.v" Line 1. Module mem_wb doesn't have a timescale but at least one module in design has a timescale.
WARNING: [XSIM 43-4099] "C:/vivado_project/RISC_V/RISC_V.srcs/sources_1/new/hazard_unit.v" Line 1. Module hazard_unit doesn't have a timescale but at least one module in design has a timescale.
Completed simulation data flow analysis
Time Resolution for simulation is 1ps
Compiling module xil_defaultlib.pc
Compiling module xil_defaultlib.instruction_memory
Compiling module xil_defaultlib.if_id
Compiling module xil_defaultlib.instruction_decode
Compiling module xil_defaultlib.control_unit
Compiling module xil_defaultlib.register_file
Compiling module xil_defaultlib.id_ex
Compiling module xil_defaultlib.forwarding_unit
Compiling module xil_defaultlib.alu
Compiling module xil_defaultlib.ex_mem
Compiling module xil_defaultlib.data_memory
Compiling module xil_defaultlib.mem_wb
Compiling module xil_defaultlib.hazard_unit
Compiling module xil_defaultlib.cpu_top
Compiling module xil_defaultlib.cpu_top_tb
Compiling module xil_defaultlib.glbl
Built simulation snapshot cpu_top_tb_behav
